SF:lib/src/meta_weather_api_client.dart
DA:19,1
DA:20,1
DA:27,1
DA:28,1
DA:31,1
DA:33,3
DA:35,2
DA:36,1
DA:39,2
DA:41,1
DA:42,1
DA:44,2
DA:48,1
DA:49,2
DA:50,3
DA:52,2
DA:53,1
DA:56,2
DA:57,1
DA:58,1
DA:62,1
DA:63,1
DA:64,1
DA:67,2
LF:24
LH:24
end_of_record
SF:lib/src/models/location.dart
DA:4,3
DA:21,1
DA:28,2
DA:29,2
DA:40,1
DA:47,6
DA:49,1
DA:51,1
DA:52,1
DA:53,2
DA:54,2
DA:57,0
DA:59,0
LF:13
LH:11
end_of_record
SF:lib/src/models/location.g.dart
DA:11,2
DA:12,4
DA:13,1
DA:14,4
DA:15,2
DA:16,4
DA:17,1
DA:18,2
DA:19,2
DA:28,2
DA:34,0
DA:36,0
DA:40,4
DA:41,6
DA:42,1
DA:44,2
DA:46,2
DA:49,0
DA:51,1
LF:19
LH:16
end_of_record
SF:lib/src/models/weather.g.dart
DA:11,2
DA:12,4
DA:13,2
DA:14,4
DA:16,4
DA:17,2
DA:20,4
DA:22,2
DA:25,4
DA:28,6
DA:29,2
DA:30,4
DA:31,6
DA:32,6
DA:33,6
DA:35,6
DA:37,6
DA:39,6
DA:40,4
DA:42,6
DA:43,4
DA:60,2
DA:66,0
DA:68,0
DA:72,4
DA:73,6
DA:74,1
DA:76,0
DA:78,0
DA:81,3
DA:83,2
LF:31
LH:27
end_of_record
SF:lib/src/models/weather.dart
DA:4,3
DA:31,2
DA:34,3
DA:56,2
DA:74,2
DA:75,2
LF:6
LH:6
end_of_record
